2023-07-07 16:29:36,395 - scheduler - INFO - #----------------------- Inicia proceso de Scheduler
2023-07-07 16:29:36,396 - scheduler - INFO - Orden a procesar batch_files
2023-07-07 16:29:36,402 - scheduler - INFO - detener................
2023-07-07 16:29:46,402 - scheduler - INFO - continuar................
2023-07-07 16:29:46,402 - scheduler - INFO - Modulo: <module 'jobs.processFile.process_file' from 'd:\\WorkSpace\\WS_REACT_PRANICAL\\JobScheduler\\backend\\jobs\\processFile\\process_file.py'>
2023-07-07 16:29:46,402 - scheduler - INFO - Instancia: <class 'jobs.processFile.process_file.ProcessFile'>
2023-07-07 16:29:46,403 - scheduler - INFO - Operacion: GetList
2023-07-07 16:29:46,930 - scheduler - INFO - Archivos: ['1_ICF_20230605102002.I', 'IMA202306051113328.I', '1_IDF_20230605102006.I', '1_ICF_20230605101930.I', '1_IVRacmt20230605102007.I', 'IDF_202306051113324.I', 'IDF_202306051113377.I']
2023-07-07 16:29:46,931 - scheduler - INFO - Resultado: True
2023-07-07 16:29:46,932 - scheduler - INFO - Porceso exitoso...!
2023-07-07 16:29:46,932 - scheduler - INFO - Modulo: <module 'jobs.processFile.process_file' from 'd:\\WorkSpace\\WS_REACT_PRANICAL\\JobScheduler\\backend\\jobs\\processFile\\process_file.py'>
2023-07-07 16:29:46,933 - scheduler - INFO - Instancia: <class 'jobs.processFile.process_file.ProcessFile'>
2023-07-07 16:29:46,934 - scheduler - INFO - Operacion: Copy
2023-07-07 16:29:49,169 - scheduler - INFO - Archivo 1_ICF_20230605102002.I copiado exitosamente.
2023-07-07 16:29:50,201 - scheduler - INFO - Archivo IMA202306051113328.I copiado exitosamente.
2023-07-07 16:29:50,482 - scheduler - INFO - Archivo 1_IDF_20230605102006.I copiado exitosamente.
2023-07-07 16:29:50,752 - scheduler - INFO - Archivo 1_ICF_20230605101930.I copiado exitosamente.
2023-07-07 16:29:50,991 - scheduler - INFO - Archivo 1_IVRacmt20230605102007.I copiado exitosamente.
2023-07-07 16:29:52,211 - scheduler - INFO - Archivo IDF_202306051113324.I copiado exitosamente.
2023-07-07 16:29:52,478 - scheduler - INFO - Archivo IDF_202306051113377.I copiado exitosamente.
2023-07-07 16:29:52,481 - scheduler - INFO - Archivos copiados exitosamente de A a B a través de SFTP.
2023-07-07 16:29:52,481 - scheduler - INFO - Resultado: True
2023-07-07 16:29:52,482 - scheduler - INFO - Porceso exitoso...!
2023-07-07 16:29:52,543 - scheduler - INFO - Modulo: <module 'jobs.sendEmail.send_email' from 'd:\\WorkSpace\\WS_REACT_PRANICAL\\JobScheduler\\backend\\jobs\\sendEmail\\send_email.py'>
2023-07-07 16:29:52,543 - scheduler - INFO - Instancia: <class 'jobs.sendEmail.send_email.SendEmail'>
2023-07-07 16:29:52,544 - scheduler - INFO - Enviar correo
2023-07-07 16:29:52,544 - scheduler - INFO - send email: smtp.googlemail.com
2023-07-07 16:29:54,763 - scheduler - INFO - Correo enviado correctamente
2023-07-07 16:29:54,763 - scheduler - INFO - Finalizo el envio
2023-07-07 16:29:54,764 - scheduler - INFO - Resultado: True
2023-07-07 16:29:54,765 - scheduler - INFO - Porceso exitoso...!
2023-07-07 16:29:54,766 - scheduler - INFO - Scheduler finalizado con exito
2023-07-07 16:29:54,766 - scheduler - INFO - Proceso termino exitosamente.
