2023-07-07 17:07:28,727 - scheduler - INFO - #----------------------- Inicia proceso de Scheduler
2023-07-07 17:07:28,728 - scheduler - INFO - Orden a procesar process_task
2023-07-07 17:07:28,730 - scheduler - INFO - detener................
2023-07-07 17:07:38,731 - scheduler - INFO - continuar................
2023-07-07 17:07:38,918 - scheduler - INFO - Modulo: <module 'jobs.processFile.process_file' from 'd:\\WorkSpace\\WS_REACT_PRANICAL\\JobScheduler\\backend\\jobs\\processFile\\process_file.py'>
2023-07-07 17:07:38,918 - scheduler - INFO - Instancia: <class 'jobs.processFile.process_file.ProcessFile'>
2023-07-07 17:07:38,919 - scheduler - INFO - Operacion: Copy
2023-07-07 17:07:41,130 - scheduler - INFO - Archivo 1_ICF_20230605102002.I copiado exitosamente.
2023-07-07 17:07:42,207 - scheduler - INFO - Archivo IMA202306051113328.I copiado exitosamente.
2023-07-07 17:07:42,456 - scheduler - INFO - Archivo 1_IDF_20230605102006.I copiado exitosamente.
2023-07-07 17:07:42,694 - scheduler - INFO - Archivo 1_ICF_20230605101930.I copiado exitosamente.
2023-07-07 17:07:42,851 - scheduler - INFO - Archivo 1_IVRacmt20230605102007.I copiado exitosamente.
2023-07-07 17:07:44,174 - scheduler - INFO - Archivo IDF_202306051113324.I copiado exitosamente.
2023-07-07 17:07:44,359 - scheduler - INFO - Archivo IDF_202306051113377.I copiado exitosamente.
2023-07-07 17:07:44,361 - scheduler - INFO - Archivos copiados exitosamente de A a B a través de SFTP.
2023-07-07 17:07:44,361 - scheduler - INFO - Resultado: True
2023-07-07 17:07:44,397 - scheduler - INFO - Modulo: <module 'jobs.sendEmail.send_email' from 'd:\\WorkSpace\\WS_REACT_PRANICAL\\JobScheduler\\backend\\jobs\\sendEmail\\send_email.py'>
2023-07-07 17:07:44,397 - scheduler - INFO - Instancia: <class 'jobs.sendEmail.send_email.SendEmail'>
2023-07-07 17:07:44,397 - scheduler - INFO - Enviar correo
2023-07-07 17:07:44,398 - scheduler - INFO - send email: smtp.googlemail.com
2023-07-07 17:07:46,515 - scheduler - INFO - Correo enviado correctamente
2023-07-07 17:07:46,516 - scheduler - INFO - Finalizo el envio
2023-07-07 17:07:46,517 - scheduler - INFO - Resultado: True
2023-07-07 17:07:46,534 - scheduler - INFO - Scheduler finalizado con exito
2023-07-07 17:07:46,537 - scheduler - INFO - Proceso termino exitosamente.
