2023-07-04 13:31:52,864 - scheduler - INFO - #----------------------- Inicia proceso de Scheduler
2023-07-04 13:31:52,865 - scheduler - INFO - JOBS ==> [{'name': 'get_list', 'package': 'processFile.process_file', 'class': 'ProcessFile', 'param': 'batch_files\\get_list', 'next': 'copy_file', 'error': 'error'}, {'name': 'copy_file', 'package': 'processFile.process_file', 'class': 'ProcessFile', 'param': 'batch_files\\copy_file', 'next': 'email', 'error': 'error'}, {'name': 'send_email', 'package': 'sendEmail.send_email', 'class': 'SendEmail', 'param': 'batch_files\\send_email', 'next': 'exito', 'error': 'error'}]
2023-07-04 13:31:52,865 - scheduler - INFO - Tarea inicial ==> get_list
2023-07-04 13:31:52,866 - scheduler - INFO - detener................
2023-07-04 13:32:22,867 - scheduler - INFO - continuar................
2023-07-04 13:32:23,025 - scheduler - INFO - Modulo: <module 'jobs.processFile.process_file' from 'd:\\WorkSpace\\WS_REACT_PRANICAL\\JobScheduler\\backend\\jobs\\processFile\\process_file.py'>
2023-07-04 13:32:23,025 - scheduler - INFO - Instancia: <class 'jobs.processFile.process_file.ProcessFile'>
2023-07-04 13:32:23,025 - scheduler - INFO - Operacion: GetList
2023-07-04 13:32:23,585 - scheduler - INFO - Archivos: ['1_ICF_20230605102002.I', 'IMA202306051113328.I', '1_IDF_20230605102006.I', '1_ICF_20230605101930.I', '1_IVRacmt20230605102007.I', 'IDF_202306051113324.I', 'IDF_202306051113377.I']
2023-07-04 13:32:23,585 - scheduler - INFO - Resultado: True
2023-07-04 13:32:23,585 - scheduler - INFO - Porceso exitoso...!
2023-07-04 13:32:23,585 - scheduler - INFO - Modulo: <module 'jobs.processFile.process_file' from 'd:\\WorkSpace\\WS_REACT_PRANICAL\\JobScheduler\\backend\\jobs\\processFile\\process_file.py'>
2023-07-04 13:32:23,585 - scheduler - INFO - Instancia: <class 'jobs.processFile.process_file.ProcessFile'>
2023-07-04 13:32:23,585 - scheduler - INFO - Operacion: Copy
2023-07-04 13:32:27,705 - scheduler - INFO - Archivo 1_ICF_20230605102002.I copiado exitosamente.
2023-07-04 13:32:30,180 - scheduler - INFO - Archivo IMA202306051113328.I copiado exitosamente.
2023-07-04 13:32:30,612 - scheduler - INFO - Archivo 1_IDF_20230605102006.I copiado exitosamente.
2023-07-04 13:32:30,875 - scheduler - INFO - Archivo 1_ICF_20230605101930.I copiado exitosamente.
2023-07-04 13:32:31,029 - scheduler - INFO - Archivo 1_IVRacmt20230605102007.I copiado exitosamente.
2023-07-04 13:32:34,842 - scheduler - INFO - Archivo IDF_202306051113324.I copiado exitosamente.
2023-07-04 13:32:34,998 - scheduler - INFO - Archivo IDF_202306051113377.I copiado exitosamente.
2023-07-04 13:32:34,999 - scheduler - INFO - Archivos copiados exitosamente de A a B a través de SFTP.
2023-07-04 13:32:35,000 - scheduler - INFO - Resultado: True
2023-07-04 13:32:35,000 - scheduler - INFO - Porceso exitoso...!
