2023-07-07 16:47:27,153 - scheduler - INFO - #----------------------- Inicia proceso de Scheduler
2023-07-07 16:47:27,153 - scheduler - INFO - Orden a procesar generate_data
2023-07-07 16:47:27,156 - scheduler - INFO - detener................
2023-07-07 16:47:37,156 - scheduler - INFO - continuar................
2023-07-07 16:47:37,333 - scheduler - INFO - Modulo: <module 'jobs.processFile.process_file' from 'd:\\WorkSpace\\WS_REACT_PRANICAL\\JobScheduler\\backend\\jobs\\processFile\\process_file.py'>
2023-07-07 16:47:37,333 - scheduler - INFO - Instancia: <class 'jobs.processFile.process_file.ProcessFile'>
2023-07-07 16:47:37,333 - scheduler - INFO - Operacion: None
2023-07-07 16:47:37,333 - scheduler - INFO - Resultado: True
2023-07-07 16:47:37,334 - scheduler - INFO - Proceso exitoso...!
2023-07-07 16:47:37,334 - scheduler - ERROR - Error: No module named 'jobs.'
2023-07-07 16:47:37,341 - scheduler - ERROR - Error.........................: No module named 'jobs.'
Traceback (most recent call last):
  File "d:\WorkSpace\WS_REACT_PRANICAL\JobScheduler\backend\routes\chains_routes.py", line 96, in process
    spooler.process()
  File "d:\WorkSpace\WS_REACT_PRANICAL\JobScheduler\backend\spooler_task.py", line 41, in process
    self.process_job(self.get_job(self.current_job))
  File "d:\WorkSpace\WS_REACT_PRANICAL\JobScheduler\backend\spooler_task.py", line 81, in process_job
    raise(err)
  File "d:\WorkSpace\WS_REACT_PRANICAL\JobScheduler\backend\spooler_task.py", line 56, in process_job
    module = importlib.import_module(package_job)
             ^^^^^^^^^^^^^^^^^^^^^^^^^^^^^^^^^^^^
  File "C:\Python311\Lib\importlib\__init__.py", line 126, in import_module
    return _bootstrap._gcd_import(name[level:], package, level)
           ^^^^^^^^^^^^^^^^^^^^^^^^^^^^^^^^^^^^^^^^^^^^^^^^^^^^
  File "<frozen importlib._bootstrap>", line 1206, in _gcd_import
  File "<frozen importlib._bootstrap>", line 1178, in _find_and_load
  File "<frozen importlib._bootstrap>", line 1142, in _find_and_load_unlocked
ModuleNotFoundError: No module named 'jobs.'

2023-07-07 16:47:37,345 - scheduler - INFO - Proceso termino con error.
